<?xml version="1.0" encoding="UTF-8"?>
<!-- Generated by org.testng.reporters.JUnitReportReporter -->
<testsuite skipped="0" hostname="Shruti-PC" name="Rough.LoginTest" tests="1" failures="0" timestamp="28 Jan 2018 17:33:00 GMT" time="0.013" errors="0">
  <testcase name="doLogin" time="0.013" classname="Rough.LoginTest"/>
</testsuite> <!-- Rough.LoginTest -->
