<?xml version="1.0" encoding="UTF-8"?>
<!-- Generated by org.testng.reporters.JUnitReportReporter -->
<testsuite skipped="0" hostname="DESKTOP-9AS02US" name="TestCases.LoginTest_User" tests="1" failures="0" timestamp="08 Sep 2018 16:45:58 GMT" time="13.313" errors="0">
  <testcase name="doLogin_User" time="13.313" classname="TestCases.LoginTest_User"/>
</testsuite> <!-- TestCases.LoginTest_User -->
