<?xml version="1.0" encoding="UTF-8"?>
<!-- Generated by org.testng.reporters.JUnitReportReporter -->
<testsuite skipped="1" hostname="Shruti-PC" name="TestCases.LoginTest" tests="1" failures="0" timestamp="30 Jan 2018 13:55:25 GMT" time="0.000" errors="0">
  <testcase name="doLogin" time="0.000" classname="TestCases.LoginTest">
    <skipped/>
  </testcase> <!-- doLogin -->
</testsuite> <!-- TestCases.LoginTest -->
