<?xml version="1.0" encoding="UTF-8"?>
<!-- Generated by org.testng.reporters.JUnitReportReporter -->
<testsuite skipped="0" hostname="DESKTOP-9AS02US" name="TestCases.LoginTest_User1" tests="1" failures="0" timestamp="08 Sep 2018 16:08:50 GMT" time="3.152" errors="0">
  <testcase name="doLogin_User1" time="3.152" classname="TestCases.LoginTest_User1"/>
</testsuite> <!-- TestCases.LoginTest_User1 -->
